Using pre-set license
Built from '2020.2/release' branch; Version is '2020.2.2f1 (068178b99f32) revision 426360'; Using compiler version '192528614'; Build Type 'Release'
OS: 'Windows 10 Home; OS build 18363.1379; Version 1909; 64bit' Language: 'en' Physical Memory: 16252 MB
BatchMode: 1, IsHumanControllingUs: 0, StartBugReporterOnCrash: 0, Is64bit: 1, IsPro: 0

 COMMAND LINE ARGUMENTS:
C:\Program Files\Unity\Hub\Editor\2020.2.2f1\Editor\Unity.exe
-adb2
-batchMode
-noUpm
-name
AssetImportWorker1
-projectPath
C:/Users/olayi/Documents/single-screen-game-Linkychu/single screen game
-logFile
Logs/AssetImportWorker1.log
-srvPort
52557
Successfully changed project path to: C:/Users/olayi/Documents/single-screen-game-Linkychu/single screen game
C:/Users/olayi/Documents/single-screen-game-Linkychu/single screen game
Using Asset Import Pipeline V2.
Refreshing native plugins compatible for Editor in 98.49 ms, found 1 plugins.
Preloading 0 native plugins for Editor in 0.00 ms.
Initialize engine version: 2020.2.2f1 (068178b99f32)
[Subsystems] Discovering subsystems at path C:/Program Files/Unity/Hub/Editor/2020.2.2f1/Editor/Data/Resources/UnitySubsystems
[Subsystems] Discovering subsystems at path C:/Users/olayi/Documents/single-screen-game-Linkychu/single screen game/Assets
GfxDevice: creating device client; threaded=0
Direct3D:
    Version:  Direct3D 11.0 [level 11.1]
    Renderer: NVIDIA GeForce GTX 1660 Ti (ID=0x2191)
    Vendor:   
    VRAM:     5991 MB
    Driver:   27.21.14.6140
Initialize mono
Mono path[0] = 'C:/Program Files/Unity/Hub/Editor/2020.2.2f1/Editor/Data/Managed'
Mono path[1] = 'C:/Program Files/Unity/Hub/Editor/2020.2.2f1/Editor/Data/MonoBleedingEdge/lib/mono/unityjit'
Mono config path = 'C:/Program Files/Unity/Hub/Editor/2020.2.2f1/Editor/Data/MonoBleedingEdge/etc'
Using monoOptions --debugger-agent=transport=dt_socket,embedding=1,server=y,suspend=n,address=127.0.0.1:56888
Begin MonoManager ReloadAssembly
Registering precompiled unity dll's ...
Register platform support module: C:/Program Files/Unity/Hub/Editor/2020.2.2f1/Editor/Data/PlaybackEngines/WindowsStandaloneSupport/UnityEditor.WindowsStandalone.Extensions.dll
Registered in 0.001596 seconds.
Native extension for WindowsStandalone target not found
Refreshing native plugins compatible for Editor in 66.91 ms, found 1 plugins.
Preloading 0 native plugins for Editor in 0.00 ms.
Invoked RoslynAnalysisRunner static constructor.
RoslynAnalysisRunner will not be running.
RoslynAnalysisRunner has terminated.
Mono: successfully reloaded assembly
- Completed reload, in  2.747 seconds
Platform modules already initialized, skipping
Registering precompiled user dll's ...
Registered in 0.000998 seconds.
Begin MonoManager ReloadAssembly
Native extension for WindowsStandalone target not found
Refreshing native plugins compatible for Editor in 47.13 ms, found 1 plugins.
Preloading 0 native plugins for Editor in 0.00 ms.
Invoked RoslynAnalysisRunner static constructor.
RoslynAnalysisRunner will not be running.
RoslynAnalysisRunner has terminated.
Mono: successfully reloaded assembly
- Completed reload, in  1.073 seconds
Platform modules already initialized, skipping
========================================================================
Worker process is ready to serve import requests
Launched and connected shader compiler UnityShaderCompiler.exe after 0.09 seconds
Refreshing native plugins compatible for Editor in 0.61 ms, found 1 plugins.
Preloading 0 native plugins for Editor in 0.00 ms.
Unloading 2273 Unused Serialized files (Serialized files now loaded: 0)
System memory in use before: 102.7 MB.
System memory in use after: 102.9 MB.

Unloading 21 unused Assets to reduce memory usage. Loaded Objects now: 2723.
Total: 1.917500 ms (FindLiveObjects: 0.218200 ms CreateObjectMapping: 0.101200 ms MarkObjects: 1.578300 ms  DeleteObjects: 0.018500 ms)

========================================================================
Received Import Request.
  path: Assets/camera follow.cs
  artifactKey: Guid(4b726f911d0452a4ca22bb921193294d) Importer(815301076,1909f56bfc062723c751e8b465ee728b)
Start importing Assets/camera follow.cs using Guid(4b726f911d0452a4ca22bb921193294d) Importer(815301076,1909f56bfc062723c751e8b465ee728b)  -> (artifact id: '43b34f1100ae7c78326eaff76ed40b1f') in 0.048096 seconds
  Import took 0.052105 seconds .

========================================================================
Received Prepare
Registering precompiled user dll's ...
Registered in 0.002531 seconds.
Begin MonoManager ReloadAssembly
Native extension for WindowsStandalone target not found
Refreshing native plugins compatible for Editor in 0.78 ms, found 1 plugins.
Preloading 0 native plugins for Editor in 0.00 ms.
Invoked RoslynAnalysisRunner static constructor.
RoslynAnalysisRunner will not be running.
RoslynAnalysisRunner has terminated.
Mono: successfully reloaded assembly
- Completed reload, in  0.934 seconds
Platform modules already initialized, skipping
Refreshing native plugins compatible for Editor in 0.41 ms, found 1 plugins.
Preloading 0 native plugins for Editor in 0.00 ms.
Unloading 2248 Unused Serialized files (Serialized files now loaded: 0)
System memory in use before: 101.5 MB.
System memory in use after: 101.7 MB.

Unloading 10 unused Assets to reduce memory usage. Loaded Objects now: 2725.
Total: 2.623400 ms (FindLiveObjects: 0.275500 ms CreateObjectMapping: 0.134800 ms MarkObjects: 2.195100 ms  DeleteObjects: 0.016600 ms)

========================================================================
Received Import Request.
  Time since last request: 33.749939 seconds.
  path: Assets/camera follow.cs
  artifactKey: Guid(4b726f911d0452a4ca22bb921193294d) Importer(815301076,1909f56bfc062723c751e8b465ee728b)
Start importing Assets/camera follow.cs using Guid(4b726f911d0452a4ca22bb921193294d) Importer(815301076,1909f56bfc062723c751e8b465ee728b)  -> (artifact id: '332ab68c08dd27898e83db9e65a2bfc4') in 0.005758 seconds
  Import took 0.008992 seconds .

========================================================================
Received Prepare
Registering precompiled user dll's ...
Registered in 0.000966 seconds.
Begin MonoManager ReloadAssembly
Native extension for WindowsStandalone target not found
Refreshing native plugins compatible for Editor in 0.40 ms, found 1 plugins.
Preloading 0 native plugins for Editor in 0.00 ms.
Invoked RoslynAnalysisRunner static constructor.
RoslynAnalysisRunner will not be running.
RoslynAnalysisRunner has terminated.
Mono: successfully reloaded assembly
- Completed reload, in  0.904 seconds
Platform modules already initialized, skipping
Refreshing native plugins compatible for Editor in 0.47 ms, found 1 plugins.
Preloading 0 native plugins for Editor in 0.00 ms.
Unloading 2248 Unused Serialized files (Serialized files now loaded: 0)
System memory in use before: 101.9 MB.
System memory in use after: 102.1 MB.

Unloading 10 unused Assets to reduce memory usage. Loaded Objects now: 2727.
Total: 1.876200 ms (FindLiveObjects: 0.250000 ms CreateObjectMapping: 0.115500 ms MarkObjects: 1.497500 ms  DeleteObjects: 0.012400 ms)

========================================================================
Received Import Request.
  Time since last request: 189.010401 seconds.
  path: Assets/camera follow.cs
  artifactKey: Guid(4b726f911d0452a4ca22bb921193294d) Importer(815301076,1909f56bfc062723c751e8b465ee728b)
Start importing Assets/camera follow.cs using Guid(4b726f911d0452a4ca22bb921193294d) Importer(815301076,1909f56bfc062723c751e8b465ee728b)  -> (artifact id: '2891876efa0bb74e5f375282fddecf50') in 0.008127 seconds
  Import took 0.011736 seconds .

========================================================================
Received Import Request.
  Time since last request: 10.743316 seconds.
  path: Assets/Camerafollow.cs
  artifactKey: Guid(4b726f911d0452a4ca22bb921193294d) Importer(815301076,1909f56bfc062723c751e8b465ee728b)
Start importing Assets/Camerafollow.cs using Guid(4b726f911d0452a4ca22bb921193294d) Importer(815301076,1909f56bfc062723c751e8b465ee728b)  -> (artifact id: 'e265348369cbd4ef5810643100e52836') in 0.008051 seconds
  Import took 0.011446 seconds .

========================================================================
Received Prepare
Registering precompiled user dll's ...
Registered in 0.001408 seconds.
Begin MonoManager ReloadAssembly
Native extension for WindowsStandalone target not found
Refreshing native plugins compatible for Editor in 0.42 ms, found 1 plugins.
Preloading 0 native plugins for Editor in 0.00 ms.
Invoked RoslynAnalysisRunner static constructor.
RoslynAnalysisRunner will not be running.
RoslynAnalysisRunner has terminated.
Mono: successfully reloaded assembly
- Completed reload, in  0.911 seconds
Platform modules already initialized, skipping
Refreshing native plugins compatible for Editor in 0.47 ms, found 1 plugins.
Preloading 0 native plugins for Editor in 0.00 ms.
Unloading 2248 Unused Serialized files (Serialized files now loaded: 0)
System memory in use before: 102.1 MB.
System memory in use after: 102.3 MB.

Unloading 10 unused Assets to reduce memory usage. Loaded Objects now: 2729.
Total: 2.000000 ms (FindLiveObjects: 0.214400 ms CreateObjectMapping: 0.098900 ms MarkObjects: 1.671100 ms  DeleteObjects: 0.014600 ms)

========================================================================
Received Prepare
Registering precompiled user dll's ...
Registered in 0.001489 seconds.
Begin MonoManager ReloadAssembly
Native extension for WindowsStandalone target not found
Refreshing native plugins compatible for Editor in 0.53 ms, found 1 plugins.
Preloading 0 native plugins for Editor in 0.00 ms.
Invoked RoslynAnalysisRunner static constructor.
RoslynAnalysisRunner will not be running.
RoslynAnalysisRunner has terminated.
Mono: successfully reloaded assembly
- Completed reload, in  1.026 seconds
Platform modules already initialized, skipping
Refreshing native plugins compatible for Editor in 0.80 ms, found 1 plugins.
Preloading 0 native plugins for Editor in 0.00 ms.
Unloading 2248 Unused Serialized files (Serialized files now loaded: 0)
System memory in use before: 102.3 MB.
System memory in use after: 102.5 MB.

Unloading 10 unused Assets to reduce memory usage. Loaded Objects now: 2731.
Total: 2.015100 ms (FindLiveObjects: 0.238500 ms CreateObjectMapping: 0.105700 ms MarkObjects: 1.653100 ms  DeleteObjects: 0.017000 ms)

========================================================================
Received Prepare
Registering precompiled user dll's ...
Registered in 0.000978 seconds.
Begin MonoManager ReloadAssembly
Native extension for WindowsStandalone target not found
Refreshing native plugins compatible for Editor in 0.53 ms, found 1 plugins.
Preloading 0 native plugins for Editor in 0.00 ms.
Invoked RoslynAnalysisRunner static constructor.
RoslynAnalysisRunner will not be running.
RoslynAnalysisRunner has terminated.
Mono: successfully reloaded assembly
- Completed reload, in  0.925 seconds
Platform modules already initialized, skipping
Refreshing native plugins compatible for Editor in 0.42 ms, found 1 plugins.
Preloading 0 native plugins for Editor in 0.00 ms.
Unloading 2248 Unused Serialized files (Serialized files now loaded: 0)
System memory in use before: 102.2 MB.
System memory in use after: 102.5 MB.

Unloading 10 unused Assets to reduce memory usage. Loaded Objects now: 2733.
Total: 1.929600 ms (FindLiveObjects: 0.243200 ms CreateObjectMapping: 0.116700 ms MarkObjects: 1.546000 ms  DeleteObjects: 0.022200 ms)

========================================================================
Received Prepare
Registering precompiled user dll's ...
Registered in 0.001642 seconds.
Begin MonoManager ReloadAssembly
Native extension for WindowsStandalone target not found
Refreshing native plugins compatible for Editor in 0.41 ms, found 1 plugins.
Preloading 0 native plugins for Editor in 0.00 ms.
Invoked RoslynAnalysisRunner static constructor.
RoslynAnalysisRunner will not be running.
RoslynAnalysisRunner has terminated.
Mono: successfully reloaded assembly
- Completed reload, in  0.936 seconds
Platform modules already initialized, skipping
Refreshing native plugins compatible for Editor in 0.42 ms, found 1 plugins.
Preloading 0 native plugins for Editor in 0.00 ms.
Unloading 2248 Unused Serialized files (Serialized files now loaded: 0)
System memory in use before: 102.6 MB.
System memory in use after: 102.8 MB.

Unloading 10 unused Assets to reduce memory usage. Loaded Objects now: 2735.
Total: 2.139000 ms (FindLiveObjects: 0.285000 ms CreateObjectMapping: 0.134800 ms MarkObjects: 1.702700 ms  DeleteObjects: 0.015800 ms)

========================================================================
Received Import Request.
  Time since last request: 115.527754 seconds.
  path: Assets/Camerafollow.cs
  artifactKey: Guid(4b726f911d0452a4ca22bb921193294d) Importer(815301076,1909f56bfc062723c751e8b465ee728b)
Start importing Assets/Camerafollow.cs using Guid(4b726f911d0452a4ca22bb921193294d) Importer(815301076,1909f56bfc062723c751e8b465ee728b)  -> (artifact id: '85be80d61baf076a99c67fe9bce8161f') in 0.004546 seconds
  Import took 0.007917 seconds .

========================================================================
Received Prepare
Registering precompiled user dll's ...
Registered in 0.001121 seconds.
Begin MonoManager ReloadAssembly
Native extension for WindowsStandalone target not found
Refreshing native plugins compatible for Editor in 0.46 ms, found 1 plugins.
Preloading 0 native plugins for Editor in 0.00 ms.
Invoked RoslynAnalysisRunner static constructor.
RoslynAnalysisRunner will not be running.
RoslynAnalysisRunner has terminated.
Mono: successfully reloaded assembly
- Completed reload, in  0.969 seconds
Platform modules already initialized, skipping
Refreshing native plugins compatible for Editor in 0.45 ms, found 1 plugins.
Preloading 0 native plugins for Editor in 0.00 ms.
Unloading 2248 Unused Serialized files (Serialized files now loaded: 0)
System memory in use before: 102.9 MB.
System memory in use after: 103.1 MB.

Unloading 10 unused Assets to reduce memory usage. Loaded Objects now: 2737.
Total: 2.997200 ms (FindLiveObjects: 0.359900 ms CreateObjectMapping: 0.155400 ms MarkObjects: 2.463300 ms  DeleteObjects: 0.017200 ms)

========================================================================
Received Prepare
Registering precompiled user dll's ...
Registered in 0.002304 seconds.
Begin MonoManager ReloadAssembly
Native extension for WindowsStandalone target not found
Refreshing native plugins compatible for Editor in 0.54 ms, found 1 plugins.
Preloading 0 native plugins for Editor in 0.00 ms.
Invoked RoslynAnalysisRunner static constructor.
RoslynAnalysisRunner will not be running.
RoslynAnalysisRunner has terminated.
Mono: successfully reloaded assembly
- Completed reload, in  0.908 seconds
Platform modules already initialized, skipping
Refreshing native plugins compatible for Editor in 0.56 ms, found 1 plugins.
Preloading 0 native plugins for Editor in 0.00 ms.
Unloading 2248 Unused Serialized files (Serialized files now loaded: 0)
System memory in use before: 103.1 MB.
System memory in use after: 103.3 MB.

Unloading 10 unused Assets to reduce memory usage. Loaded Objects now: 2739.
Total: 2.246300 ms (FindLiveObjects: 0.304300 ms CreateObjectMapping: 0.115900 ms MarkObjects: 1.811900 ms  DeleteObjects: 0.013000 ms)

========================================================================
Received Import Request.
  Time since last request: 291.915839 seconds.
  path: ProjectSettings/TagManager.asset
  artifactKey: Guid(00000000000000003000000000000000) Importer(815301076,1909f56bfc062723c751e8b465ee728b)
Start importing ProjectSettings/TagManager.asset using Guid(00000000000000003000000000000000) Importer(815301076,1909f56bfc062723c751e8b465ee728b)  -> (artifact id: 'b5d2a25d0c4d1e0df50c2e27eca6fd16') in 0.025942 seconds
  Import took 0.029781 seconds .

========================================================================
Received Prepare
Registering precompiled user dll's ...
Registered in 0.000929 seconds.
Begin MonoManager ReloadAssembly
Native extension for WindowsStandalone target not found
Refreshing native plugins compatible for Editor in 0.76 ms, found 1 plugins.
Preloading 0 native plugins for Editor in 0.00 ms.
Invoked RoslynAnalysisRunner static constructor.
RoslynAnalysisRunner will not be running.
RoslynAnalysisRunner has terminated.
Mono: successfully reloaded assembly
- Completed reload, in  0.916 seconds
Platform modules already initialized, skipping
Refreshing native plugins compatible for Editor in 0.45 ms, found 1 plugins.
Preloading 0 native plugins for Editor in 0.00 ms.
Unloading 2248 Unused Serialized files (Serialized files now loaded: 0)
System memory in use before: 103.3 MB.
System memory in use after: 103.5 MB.

Unloading 11 unused Assets to reduce memory usage. Loaded Objects now: 2741.
Total: 2.645800 ms (FindLiveObjects: 0.549600 ms CreateObjectMapping: 0.247600 ms MarkObjects: 1.829500 ms  DeleteObjects: 0.017400 ms)

========================================================================
Received Import Request.
  Time since last request: 27.821563 seconds.
  path: Assets/enemy (1).prefab
  artifactKey: Guid(5286dac0277e8494c98012c6da127e30) Importer(815301076,1909f56bfc062723c751e8b465ee728b)
Start importing Assets/enemy (1).prefab using Guid(5286dac0277e8494c98012c6da127e30) Importer(815301076,1909f56bfc062723c751e8b465ee728b)  -> (artifact id: '779718365c3cf6a802e2b7f7c08b57fb') in 0.102676 seconds
  Import took 0.107324 seconds .

========================================================================
Received Prepare
Registering precompiled user dll's ...
Registered in 0.001203 seconds.
Begin MonoManager ReloadAssembly
Native extension for WindowsStandalone target not found
Refreshing native plugins compatible for Editor in 0.45 ms, found 1 plugins.
Preloading 0 native plugins for Editor in 0.00 ms.
Invoked RoslynAnalysisRunner static constructor.
RoslynAnalysisRunner will not be running.
RoslynAnalysisRunner has terminated.
Mono: successfully reloaded assembly
- Completed reload, in  0.921 seconds
Platform modules already initialized, skipping
Refreshing native plugins compatible for Editor in 0.65 ms, found 1 plugins.
Preloading 0 native plugins for Editor in 0.00 ms.
Unloading 2248 Unused Serialized files (Serialized files now loaded: 0)
System memory in use before: 106.2 MB.
System memory in use after: 106.5 MB.

Unloading 10 unused Assets to reduce memory usage. Loaded Objects now: 2750.
Total: 2.019400 ms (FindLiveObjects: 0.257400 ms CreateObjectMapping: 0.118800 ms MarkObjects: 1.628800 ms  DeleteObjects: 0.013400 ms)

========================================================================
Received Prepare
Registering precompiled user dll's ...
Registered in 0.000963 seconds.
Begin MonoManager ReloadAssembly
Native extension for WindowsStandalone target not found
Refreshing native plugins compatible for Editor in 0.46 ms, found 1 plugins.
Preloading 0 native plugins for Editor in 0.00 ms.
Invoked RoslynAnalysisRunner static constructor.
RoslynAnalysisRunner will not be running.
RoslynAnalysisRunner has terminated.
Mono: successfully reloaded assembly
- Completed reload, in  0.966 seconds
Platform modules already initialized, skipping
Refreshing native plugins compatible for Editor in 0.77 ms, found 1 plugins.
Preloading 0 native plugins for Editor in 0.00 ms.
Unloading 2248 Unused Serialized files (Serialized files now loaded: 0)
System memory in use before: 105.5 MB.
System memory in use after: 105.7 MB.

Unloading 10 unused Assets to reduce memory usage. Loaded Objects now: 2752.
Total: 2.392700 ms (FindLiveObjects: 0.277300 ms CreateObjectMapping: 0.137700 ms MarkObjects: 1.942300 ms  DeleteObjects: 0.034200 ms)

========================================================================
Received Prepare
Registering precompiled user dll's ...
Registered in 0.000939 seconds.
Begin MonoManager ReloadAssembly
Native extension for WindowsStandalone target not found
Refreshing native plugins compatible for Editor in 0.43 ms, found 1 plugins.
Preloading 0 native plugins for Editor in 0.00 ms.
Invoked RoslynAnalysisRunner static constructor.
RoslynAnalysisRunner will not be running.
RoslynAnalysisRunner has terminated.
Mono: successfully reloaded assembly
- Completed reload, in  0.846 seconds
Platform modules already initialized, skipping
Refreshing native plugins compatible for Editor in 0.56 ms, found 1 plugins.
Preloading 0 native plugins for Editor in 0.00 ms.
Unloading 2248 Unused Serialized files (Serialized files now loaded: 0)
System memory in use before: 105.8 MB.
System memory in use after: 106.0 MB.

Unloading 10 unused Assets to reduce memory usage. Loaded Objects now: 2754.
Total: 2.054700 ms (FindLiveObjects: 0.259500 ms CreateObjectMapping: 0.111400 ms MarkObjects: 1.669700 ms  DeleteObjects: 0.012700 ms)

========================================================================
Received Prepare
Registering precompiled user dll's ...
Registered in 0.001135 seconds.
Begin MonoManager ReloadAssembly
Native extension for WindowsStandalone target not found
Refreshing native plugins compatible for Editor in 0.52 ms, found 1 plugins.
Preloading 0 native plugins for Editor in 0.00 ms.
Invoked RoslynAnalysisRunner static constructor.
RoslynAnalysisRunner will not be running.
RoslynAnalysisRunner has terminated.
Mono: successfully reloaded assembly
- Completed reload, in  1.029 seconds
Platform modules already initialized, skipping
Refreshing native plugins compatible for Editor in 0.46 ms, found 1 plugins.
Preloading 0 native plugins for Editor in 0.00 ms.
Unloading 2248 Unused Serialized files (Serialized files now loaded: 0)
System memory in use before: 106.0 MB.
System memory in use after: 106.2 MB.

Unloading 10 unused Assets to reduce memory usage. Loaded Objects now: 2756.
Total: 2.917700 ms (FindLiveObjects: 0.396600 ms CreateObjectMapping: 0.360400 ms MarkObjects: 2.141100 ms  DeleteObjects: 0.018500 ms)

========================================================================
Received Prepare
Registering precompiled user dll's ...
Registered in 0.001074 seconds.
Begin MonoManager ReloadAssembly
Native extension for WindowsStandalone target not found
Refreshing native plugins compatible for Editor in 0.44 ms, found 1 plugins.
Preloading 0 native plugins for Editor in 0.00 ms.
Invoked RoslynAnalysisRunner static constructor.
RoslynAnalysisRunner will not be running.
RoslynAnalysisRunner has terminated.
Mono: successfully reloaded assembly
- Completed reload, in  1.057 seconds
Platform modules already initialized, skipping
Refreshing native plugins compatible for Editor in 0.43 ms, found 1 plugins.
Preloading 0 native plugins for Editor in 0.00 ms.
Unloading 2248 Unused Serialized files (Serialized files now loaded: 0)
System memory in use before: 106.2 MB.
System memory in use after: 106.4 MB.

Unloading 10 unused Assets to reduce memory usage. Loaded Objects now: 2758.
Total: 3.155400 ms (FindLiveObjects: 0.236300 ms CreateObjectMapping: 0.108300 ms MarkObjects: 2.790200 ms  DeleteObjects: 0.019100 ms)

========================================================================
Received Prepare
Registering precompiled user dll's ...
Registered in 0.003860 seconds.
Begin MonoManager ReloadAssembly
Native extension for WindowsStandalone target not found
Refreshing native plugins compatible for Editor in 0.45 ms, found 1 plugins.
Preloading 0 native plugins for Editor in 0.00 ms.
Invoked RoslynAnalysisRunner static constructor.
RoslynAnalysisRunner will not be running.
RoslynAnalysisRunner has terminated.
Mono: successfully reloaded assembly
- Completed reload, in  1.331 seconds
Platform modules already initialized, skipping
Refreshing native plugins compatible for Editor in 0.46 ms, found 1 plugins.
Preloading 0 native plugins for Editor in 0.00 ms.
Unloading 2248 Unused Serialized files (Serialized files now loaded: 0)
System memory in use before: 106.3 MB.
System memory in use after: 106.5 MB.

Unloading 10 unused Assets to reduce memory usage. Loaded Objects now: 2760.
Total: 2.986700 ms (FindLiveObjects: 0.692500 ms CreateObjectMapping: 0.230000 ms MarkObjects: 1.986600 ms  DeleteObjects: 0.076200 ms)

========================================================================
Received Prepare
Registering precompiled user dll's ...
Registered in 0.000913 seconds.
Begin MonoManager ReloadAssembly
Native extension for WindowsStandalone target not found
Refreshing native plugins compatible for Editor in 0.51 ms, found 1 plugins.
Preloading 0 native plugins for Editor in 0.00 ms.
Invoked RoslynAnalysisRunner static constructor.
RoslynAnalysisRunner will not be running.
RoslynAnalysisRunner has terminated.
Mono: successfully reloaded assembly
- Completed reload, in  0.846 seconds
Platform modules already initialized, skipping
Refreshing native plugins compatible for Editor in 0.41 ms, found 1 plugins.
Preloading 0 native plugins for Editor in 0.00 ms.
Unloading 2248 Unused Serialized files (Serialized files now loaded: 0)
System memory in use before: 105.5 MB.
System memory in use after: 105.7 MB.

Unloading 10 unused Assets to reduce memory usage. Loaded Objects now: 2762.
Total: 2.275600 ms (FindLiveObjects: 0.248200 ms CreateObjectMapping: 0.109000 ms MarkObjects: 1.897400 ms  DeleteObjects: 0.020000 ms)

========================================================================
Received Prepare
Registering precompiled user dll's ...
Registered in 0.000887 seconds.
Begin MonoManager ReloadAssembly
Native extension for WindowsStandalone target not found
Refreshing native plugins compatible for Editor in 0.44 ms, found 1 plugins.
Preloading 0 native plugins for Editor in 0.00 ms.
Invoked RoslynAnalysisRunner static constructor.
RoslynAnalysisRunner will not be running.
RoslynAnalysisRunner has terminated.
Mono: successfully reloaded assembly
- Completed reload, in  0.834 seconds
Platform modules already initialized, skipping
Refreshing native plugins compatible for Editor in 0.42 ms, found 1 plugins.
Preloading 0 native plugins for Editor in 0.00 ms.
Unloading 2248 Unused Serialized files (Serialized files now loaded: 0)
System memory in use before: 105.7 MB.
System memory in use after: 105.9 MB.

Unloading 10 unused Assets to reduce memory usage. Loaded Objects now: 2764.
Total: 1.970000 ms (FindLiveObjects: 0.251400 ms CreateObjectMapping: 0.118200 ms MarkObjects: 1.585900 ms  DeleteObjects: 0.013400 ms)

========================================================================
Received Prepare
Registering precompiled user dll's ...
Registered in 0.001082 seconds.
Begin MonoManager ReloadAssembly
Native extension for WindowsStandalone target not found
Refreshing native plugins compatible for Editor in 0.54 ms, found 1 plugins.
Preloading 0 native plugins for Editor in 0.00 ms.
Invoked RoslynAnalysisRunner static constructor.
RoslynAnalysisRunner will not be running.
RoslynAnalysisRunner has terminated.
Mono: successfully reloaded assembly
- Completed reload, in  0.878 seconds
Platform modules already initialized, skipping
Refreshing native plugins compatible for Editor in 0.43 ms, found 1 plugins.
Preloading 0 native plugins for Editor in 0.00 ms.
Unloading 2248 Unused Serialized files (Serialized files now loaded: 0)
System memory in use before: 105.9 MB.
System memory in use after: 106.1 MB.

Unloading 10 unused Assets to reduce memory usage. Loaded Objects now: 2766.
Total: 2.415300 ms (FindLiveObjects: 0.402500 ms CreateObjectMapping: 0.192400 ms MarkObjects: 1.804200 ms  DeleteObjects: 0.014800 ms)

========================================================================
Received Prepare
Refreshing native plugins compatible for Editor in 2.98 ms, found 1 plugins.
Preloading 0 native plugins for Editor in 0.00 ms.
Unloading 5 Unused Serialized files (Serialized files now loaded: 0)
System memory in use before: 61.7 MB.
System memory in use after: 61.9 MB.

Unloading 5 unused Assets to reduce memory usage. Loaded Objects now: 2766.
Total: 2.447200 ms (FindLiveObjects: 0.247200 ms CreateObjectMapping: 0.133600 ms MarkObjects: 2.045000 ms  DeleteObjects: 0.020000 ms)

========================================================================
Received Prepare
Refreshing native plugins compatible for Editor in 1.56 ms, found 1 plugins.
Preloading 0 native plugins for Editor in 0.00 ms.
Unloading 5 Unused Serialized files (Serialized files now loaded: 0)
System memory in use before: 61.9 MB.
System memory in use after: 62.1 MB.

Unloading 5 unused Assets to reduce memory usage. Loaded Objects now: 2766.
Total: 2.310100 ms (FindLiveObjects: 0.434200 ms CreateObjectMapping: 0.190600 ms MarkObjects: 1.670000 ms  DeleteObjects: 0.012000 ms)

========================================================================
Received Prepare
Registering precompiled user dll's ...
Registered in 0.000897 seconds.
Begin MonoManager ReloadAssembly
Native extension for WindowsStandalone target not found
Refreshing native plugins compatible for Editor in 0.63 ms, found 1 plugins.
Preloading 0 native plugins for Editor in 0.00 ms.
Invoked RoslynAnalysisRunner static constructor.
RoslynAnalysisRunner will not be running.
RoslynAnalysisRunner has terminated.
Mono: successfully reloaded assembly
- Completed reload, in  0.939 seconds
Platform modules already initialized, skipping
Refreshing native plugins compatible for Editor in 0.42 ms, found 1 plugins.
Preloading 0 native plugins for Editor in 0.00 ms.
Unloading 2248 Unused Serialized files (Serialized files now loaded: 0)
System memory in use before: 106.3 MB.
System memory in use after: 106.5 MB.

Unloading 10 unused Assets to reduce memory usage. Loaded Objects now: 2768.
Total: 2.588000 ms (FindLiveObjects: 0.213600 ms CreateObjectMapping: 0.094500 ms MarkObjects: 2.260800 ms  DeleteObjects: 0.017900 ms)

========================================================================
Received Prepare
Registering precompiled user dll's ...
Registered in 0.001113 seconds.
Begin MonoManager ReloadAssembly
Native extension for WindowsStandalone target not found
Refreshing native plugins compatible for Editor in 0.42 ms, found 1 plugins.
Preloading 0 native plugins for Editor in 0.00 ms.
Invoked RoslynAnalysisRunner static constructor.
RoslynAnalysisRunner will not be running.
RoslynAnalysisRunner has terminated.
Mono: successfully reloaded assembly
- Completed reload, in  0.964 seconds
Platform modules already initialized, skipping
Refreshing native plugins compatible for Editor in 0.64 ms, found 1 plugins.
Preloading 0 native plugins for Editor in 0.00 ms.
Unloading 2248 Unused Serialized files (Serialized files now loaded: 0)
System memory in use before: 105.7 MB.
System memory in use after: 105.9 MB.

Unloading 10 unused Assets to reduce memory usage. Loaded Objects now: 2770.
Total: 2.521400 ms (FindLiveObjects: 0.471300 ms CreateObjectMapping: 0.231200 ms MarkObjects: 1.800000 ms  DeleteObjects: 0.017300 ms)

========================================================================
Received Prepare
Registering precompiled user dll's ...
Registered in 0.001106 seconds.
Begin MonoManager ReloadAssembly
Native extension for WindowsStandalone target not found
Refreshing native plugins compatible for Editor in 0.45 ms, found 1 plugins.
Preloading 0 native plugins for Editor in 0.00 ms.
Invoked RoslynAnalysisRunner static constructor.
RoslynAnalysisRunner will not be running.
RoslynAnalysisRunner has terminated.
Mono: successfully reloaded assembly
- Completed reload, in  1.017 seconds
Platform modules already initialized, skipping
Refreshing native plugins compatible for Editor in 0.58 ms, found 1 plugins.
Preloading 0 native plugins for Editor in 0.00 ms.
Unloading 2248 Unused Serialized files (Serialized files now loaded: 0)
System memory in use before: 105.9 MB.
System memory in use after: 106.1 MB.

Unloading 10 unused Assets to reduce memory usage. Loaded Objects now: 2772.
Total: 3.995400 ms (FindLiveObjects: 0.365700 ms CreateObjectMapping: 0.219000 ms MarkObjects: 3.383800 ms  DeleteObjects: 0.024800 ms)

========================================================================
Received Prepare
Registering precompiled user dll's ...
Registered in 0.001034 seconds.
Begin MonoManager ReloadAssembly
Native extension for WindowsStandalone target not found
Refreshing native plugins compatible for Editor in 0.51 ms, found 1 plugins.
Preloading 0 native plugins for Editor in 0.00 ms.
Invoked RoslynAnalysisRunner static constructor.
RoslynAnalysisRunner will not be running.
RoslynAnalysisRunner has terminated.
Mono: successfully reloaded assembly
- Completed reload, in  0.932 seconds
Platform modules already initialized, skipping
Refreshing native plugins compatible for Editor in 0.45 ms, found 1 plugins.
Preloading 0 native plugins for Editor in 0.00 ms.
Unloading 2248 Unused Serialized files (Serialized files now loaded: 0)
System memory in use before: 106.1 MB.
System memory in use after: 106.3 MB.

Unloading 10 unused Assets to reduce memory usage. Loaded Objects now: 2774.
Total: 2.825200 ms (FindLiveObjects: 0.238000 ms CreateObjectMapping: 0.132000 ms MarkObjects: 2.436000 ms  DeleteObjects: 0.017600 ms)

========================================================================
Received Prepare
Registering precompiled user dll's ...
Registered in 0.001134 seconds.
Begin MonoManager ReloadAssembly
Native extension for WindowsStandalone target not found
Refreshing native plugins compatible for Editor in 0.46 ms, found 1 plugins.
Preloading 0 native plugins for Editor in 0.00 ms.
Invoked RoslynAnalysisRunner static constructor.
RoslynAnalysisRunner will not be running.
RoslynAnalysisRunner has terminated.
Mono: successfully reloaded assembly
- Completed reload, in  0.952 seconds
Platform modules already initialized, skipping
Refreshing native plugins compatible for Editor in 0.49 ms, found 1 plugins.
Preloading 0 native plugins for Editor in 0.00 ms.
Unloading 2248 Unused Serialized files (Serialized files now loaded: 0)
System memory in use before: 106.3 MB.
System memory in use after: 106.5 MB.

Unloading 10 unused Assets to reduce memory usage. Loaded Objects now: 2776.
Total: 3.279300 ms (FindLiveObjects: 0.828800 ms CreateObjectMapping: 0.165700 ms MarkObjects: 2.267300 ms  DeleteObjects: 0.015700 ms)

========================================================================
Received Prepare
Registering precompiled user dll's ...
Registered in 0.001332 seconds.
Begin MonoManager ReloadAssembly
Native extension for WindowsStandalone target not found
Refreshing native plugins compatible for Editor in 0.77 ms, found 1 plugins.
Preloading 0 native plugins for Editor in 0.00 ms.
Invoked RoslynAnalysisRunner static constructor.
RoslynAnalysisRunner will not be running.
RoslynAnalysisRunner has terminated.
Mono: successfully reloaded assembly
- Completed reload, in  1.088 seconds
Platform modules already initialized, skipping
Refreshing native plugins compatible for Editor in 0.71 ms, found 1 plugins.
Preloading 0 native plugins for Editor in 0.00 ms.
Unloading 2248 Unused Serialized files (Serialized files now loaded: 0)
System memory in use before: 106.3 MB.
System memory in use after: 106.5 MB.

Unloading 10 unused Assets to reduce memory usage. Loaded Objects now: 2778.
Total: 3.714100 ms (FindLiveObjects: 0.365500 ms CreateObjectMapping: 0.155400 ms MarkObjects: 3.171800 ms  DeleteObjects: 0.019500 ms)

========================================================================
Received Prepare
Registering precompiled user dll's ...
Registered in 0.001023 seconds.
Begin MonoManager ReloadAssembly
Native extension for WindowsStandalone target not found
Refreshing native plugins compatible for Editor in 0.49 ms, found 1 plugins.
Preloading 0 native plugins for Editor in 0.00 ms.
Invoked RoslynAnalysisRunner static constructor.
RoslynAnalysisRunner will not be running.
RoslynAnalysisRunner has terminated.
Mono: successfully reloaded assembly
- Completed reload, in  0.950 seconds
Platform modules already initialized, skipping
Refreshing native plugins compatible for Editor in 0.43 ms, found 1 plugins.
Preloading 0 native plugins for Editor in 0.00 ms.
Unloading 2248 Unused Serialized files (Serialized files now loaded: 0)
System memory in use before: 105.6 MB.
System memory in use after: 105.9 MB.

Unloading 10 unused Assets to reduce memory usage. Loaded Objects now: 2780.
Total: 2.336500 ms (FindLiveObjects: 0.270500 ms CreateObjectMapping: 0.119700 ms MarkObjects: 1.915700 ms  DeleteObjects: 0.029500 ms)

========================================================================
Received Prepare
Registering precompiled user dll's ...
Registered in 0.001010 seconds.
Begin MonoManager ReloadAssembly
Native extension for WindowsStandalone target not found
Refreshing native plugins compatible for Editor in 0.54 ms, found 1 plugins.
Preloading 0 native plugins for Editor in 0.00 ms.
Invoked RoslynAnalysisRunner static constructor.
RoslynAnalysisRunner will not be running.
RoslynAnalysisRunner has terminated.
Mono: successfully reloaded assembly
- Completed reload, in  1.166 seconds
Platform modules already initialized, skipping
Refreshing native plugins compatible for Editor in 0.48 ms, found 1 plugins.
Preloading 0 native plugins for Editor in 0.00 ms.
Unloading 2249 Unused Serialized files (Serialized files now loaded: 0)
System memory in use before: 105.9 MB.
System memory in use after: 106.1 MB.

Unloading 10 unused Assets to reduce memory usage. Loaded Objects now: 2783.
Total: 2.429100 ms (FindLiveObjects: 0.339100 ms CreateObjectMapping: 0.138600 ms MarkObjects: 1.935100 ms  DeleteObjects: 0.015000 ms)

========================================================================
Received Import Request.
  Time since last request: 9055.397013 seconds.
  path: Assets/destroy.cs
  artifactKey: Guid(ce8aeda277bdcae4bb479ddafaceb209) Importer(815301076,1909f56bfc062723c751e8b465ee728b)
Start importing Assets/destroy.cs using Guid(ce8aeda277bdcae4bb479ddafaceb209) Importer(815301076,1909f56bfc062723c751e8b465ee728b)  -> (artifact id: 'dde6a312970de8376a4715de94325608') in 0.016142 seconds
  Import took 0.022552 seconds .

========================================================================
Received Prepare
Registering precompiled user dll's ...
Registered in 0.001419 seconds.
Begin MonoManager ReloadAssembly
Native extension for WindowsStandalone target not found
Refreshing native plugins compatible for Editor in 0.64 ms, found 1 plugins.
Preloading 0 native plugins for Editor in 0.00 ms.
Invoked RoslynAnalysisRunner static constructor.
RoslynAnalysisRunner will not be running.
RoslynAnalysisRunner has terminated.
Mono: successfully reloaded assembly
- Completed reload, in  0.970 seconds
Platform modules already initialized, skipping
Refreshing native plugins compatible for Editor in 0.43 ms, found 1 plugins.
Preloading 0 native plugins for Editor in 0.00 ms.
Unloading 2249 Unused Serialized files (Serialized files now loaded: 0)
System memory in use before: 106.2 MB.
System memory in use after: 106.4 MB.

Unloading 10 unused Assets to reduce memory usage. Loaded Objects now: 2785.
Total: 2.068500 ms (FindLiveObjects: 0.260100 ms CreateObjectMapping: 0.121000 ms MarkObjects: 1.669400 ms  DeleteObjects: 0.016900 ms)

========================================================================
Received Prepare
Registering precompiled user dll's ...
Registered in 0.001077 seconds.
Begin MonoManager ReloadAssembly
Native extension for WindowsStandalone target not found
Refreshing native plugins compatible for Editor in 0.44 ms, found 1 plugins.
Preloading 0 native plugins for Editor in 0.00 ms.
Invoked RoslynAnalysisRunner static constructor.
RoslynAnalysisRunner will not be running.
RoslynAnalysisRunner has terminated.
Mono: successfully reloaded assembly
- Completed reload, in  0.919 seconds
Platform modules already initialized, skipping
Refreshing native plugins compatible for Editor in 0.42 ms, found 1 plugins.
Preloading 0 native plugins for Editor in 0.00 ms.
Unloading 2249 Unused Serialized files (Serialized files now loaded: 0)
System memory in use before: 106.4 MB.
System memory in use after: 106.6 MB.

Unloading 10 unused Assets to reduce memory usage. Loaded Objects now: 2787.
Total: 2.637300 ms (FindLiveObjects: 0.407600 ms CreateObjectMapping: 0.142500 ms MarkObjects: 2.071300 ms  DeleteObjects: 0.014800 ms)

========================================================================
Received Import Request.
  Time since last request: 95.869580 seconds.
  path: Assets/destroy.cs
  artifactKey: Guid(ce8aeda277bdcae4bb479ddafaceb209) Importer(815301076,1909f56bfc062723c751e8b465ee728b)
Start importing Assets/destroy.cs using Guid(ce8aeda277bdcae4bb479ddafaceb209) Importer(815301076,1909f56bfc062723c751e8b465ee728b)  -> (artifact id: 'a9fac34d02f8aa8751e41313773d0d24') in 0.005510 seconds
  Import took 0.008599 seconds .

========================================================================
Received Import Request.
  Time since last request: 5.978074 seconds.
  path: Assets/destroy1.cs
  artifactKey: Guid(253a20bcba9ae7a4da1f516c5958bc7e) Importer(815301076,1909f56bfc062723c751e8b465ee728b)
Start importing Assets/destroy1.cs using Guid(253a20bcba9ae7a4da1f516c5958bc7e) Importer(815301076,1909f56bfc062723c751e8b465ee728b)  -> (artifact id: 'b697e2e0e4c7b61a36eb2fa036b2b8d5') in 0.009063 seconds
  Import took 0.013469 seconds .

========================================================================
Received Import Request.
  Time since last request: 10.957911 seconds.
  path: Assets/Destroy.cs
  artifactKey: Guid(ce8aeda277bdcae4bb479ddafaceb209) Importer(815301076,1909f56bfc062723c751e8b465ee728b)
Start importing Assets/Destroy.cs using Guid(ce8aeda277bdcae4bb479ddafaceb209) Importer(815301076,1909f56bfc062723c751e8b465ee728b)  -> (artifact id: '10a1bc8c78dfb817ec2a47cf0e3aa9af') in 0.009690 seconds
  Import took 0.014755 seconds .

========================================================================
Received Prepare
Registering precompiled user dll's ...
Registered in 0.001094 seconds.
Begin MonoManager ReloadAssembly
Native extension for WindowsStandalone target not found
Refreshing native plugins compatible for Editor in 0.49 ms, found 1 plugins.
Preloading 0 native plugins for Editor in 0.00 ms.
Invoked RoslynAnalysisRunner static constructor.
RoslynAnalysisRunner will not be running.
RoslynAnalysisRunner has terminated.
Mono: successfully reloaded assembly
- Completed reload, in  0.917 seconds
Platform modules already initialized, skipping
Refreshing native plugins compatible for Editor in 0.47 ms, found 1 plugins.
Preloading 0 native plugins for Editor in 0.00 ms.
Unloading 2249 Unused Serialized files (Serialized files now loaded: 0)
System memory in use before: 106.5 MB.
System memory in use after: 106.7 MB.

Unloading 10 unused Assets to reduce memory usage. Loaded Objects now: 2789.
Total: 2.497000 ms (FindLiveObjects: 0.507200 ms CreateObjectMapping: 0.216300 ms MarkObjects: 1.756400 ms  DeleteObjects: 0.014200 ms)

========================================================================
Received Prepare
Registering precompiled user dll's ...
Registered in 0.001266 seconds.
Begin MonoManager ReloadAssembly
Native extension for WindowsStandalone target not found
Refreshing native plugins compatible for Editor in 0.76 ms, found 1 plugins.
Preloading 0 native plugins for Editor in 0.00 ms.
Invoked RoslynAnalysisRunner static constructor.
RoslynAnalysisRunner will not be running.
RoslynAnalysisRunner has terminated.
Mono: successfully reloaded assembly
- Completed reload, in  0.939 seconds
Platform modules already initialized, skipping
Refreshing native plugins compatible for Editor in 1.03 ms, found 1 plugins.
Preloading 0 native plugins for Editor in 0.00 ms.
Unloading 2249 Unused Serialized files (Serialized files now loaded: 0)
System memory in use before: 105.7 MB.
System memory in use after: 105.9 MB.

Unloading 10 unused Assets to reduce memory usage. Loaded Objects now: 2791.
Total: 3.706500 ms (FindLiveObjects: 0.331600 ms CreateObjectMapping: 0.175900 ms MarkObjects: 3.177000 ms  DeleteObjects: 0.020500 ms)

========================================================================
Received Prepare
Registering precompiled user dll's ...
Registered in 0.000941 seconds.
Begin MonoManager ReloadAssembly
Native extension for WindowsStandalone target not found
Refreshing native plugins compatible for Editor in 0.95 ms, found 1 plugins.
Preloading 0 native plugins for Editor in 0.00 ms.
Invoked RoslynAnalysisRunner static constructor.
RoslynAnalysisRunner will not be running.
RoslynAnalysisRunner has terminated.
Mono: successfully reloaded assembly
- Completed reload, in  0.951 seconds
Platform modules already initialized, skipping
Refreshing native plugins compatible for Editor in 1.20 ms, found 1 plugins.
Preloading 0 native plugins for Editor in 0.00 ms.
Unloading 2249 Unused Serialized files (Serialized files now loaded: 0)
System memory in use before: 105.9 MB.
System memory in use after: 106.1 MB.

Unloading 10 unused Assets to reduce memory usage. Loaded Objects now: 2793.
Total: 2.589900 ms (FindLiveObjects: 0.282300 ms CreateObjectMapping: 0.139800 ms MarkObjects: 2.147300 ms  DeleteObjects: 0.019000 ms)

========================================================================
Received Prepare
Registering precompiled user dll's ...
Registered in 0.000983 seconds.
Begin MonoManager ReloadAssembly
Native extension for WindowsStandalone target not found
Refreshing native plugins compatible for Editor in 1.01 ms, found 1 plugins.
Preloading 0 native plugins for Editor in 0.00 ms.
Invoked RoslynAnalysisRunner static constructor.
RoslynAnalysisRunner will not be running.
RoslynAnalysisRunner has terminated.
Mono: successfully reloaded assembly
- Completed reload, in  1.006 seconds
Platform modules already initialized, skipping
Refreshing native plugins compatible for Editor in 0.48 ms, found 1 plugins.
Preloading 0 native plugins for Editor in 0.00 ms.
Unloading 2249 Unused Serialized files (Serialized files now loaded: 0)
System memory in use before: 106.1 MB.
System memory in use after: 106.3 MB.

Unloading 10 unused Assets to reduce memory usage. Loaded Objects now: 2795.
Total: 3.127900 ms (FindLiveObjects: 0.736500 ms CreateObjectMapping: 0.231900 ms MarkObjects: 2.139800 ms  DeleteObjects: 0.018300 ms)

========================================================================
Received Prepare
Registering precompiled user dll's ...
Registered in 0.001319 seconds.
Begin MonoManager ReloadAssembly
Native extension for WindowsStandalone target not found
Refreshing native plugins compatible for Editor in 0.44 ms, found 1 plugins.
Preloading 0 native plugins for Editor in 0.00 ms.
Invoked RoslynAnalysisRunner static constructor.
RoslynAnalysisRunner will not be running.
RoslynAnalysisRunner has terminated.
Mono: successfully reloaded assembly
- Completed reload, in  0.949 seconds
Platform modules already initialized, skipping
Refreshing native plugins compatible for Editor in 0.45 ms, found 1 plugins.
Preloading 0 native plugins for Editor in 0.00 ms.
Unloading 2249 Unused Serialized files (Serialized files now loaded: 0)
System memory in use before: 106.2 MB.
System memory in use after: 106.5 MB.

Unloading 10 unused Assets to reduce memory usage. Loaded Objects now: 2797.
Total: 2.184300 ms (FindLiveObjects: 0.250100 ms CreateObjectMapping: 0.111900 ms MarkObjects: 1.807400 ms  DeleteObjects: 0.014000 ms)

========================================================================
Received Prepare
Registering precompiled user dll's ...
Registered in 0.001038 seconds.
Begin MonoManager ReloadAssembly
Native extension for WindowsStandalone target not found
Refreshing native plugins compatible for Editor in 0.48 ms, found 1 plugins.
Preloading 0 native plugins for Editor in 0.00 ms.
Invoked RoslynAnalysisRunner static constructor.
RoslynAnalysisRunner will not be running.
RoslynAnalysisRunner has terminated.
Mono: successfully reloaded assembly
- Completed reload, in  0.949 seconds
Platform modules already initialized, skipping
Refreshing native plugins compatible for Editor in 0.52 ms, found 1 plugins.
Preloading 0 native plugins for Editor in 0.00 ms.
Unloading 2249 Unused Serialized files (Serialized files now loaded: 0)
System memory in use before: 106.4 MB.
System memory in use after: 106.7 MB.

Unloading 10 unused Assets to reduce memory usage. Loaded Objects now: 2799.
Total: 2.123700 ms (FindLiveObjects: 0.302200 ms CreateObjectMapping: 0.155000 ms MarkObjects: 1.651200 ms  DeleteObjects: 0.013600 ms)

========================================================================
Received Prepare
Registering precompiled user dll's ...
Registered in 0.001300 seconds.
Begin MonoManager ReloadAssembly
Native extension for WindowsStandalone target not found
Refreshing native plugins compatible for Editor in 0.72 ms, found 1 plugins.
Preloading 0 native plugins for Editor in 0.00 ms.
Invoked RoslynAnalysisRunner static constructor.
RoslynAnalysisRunner will not be running.
RoslynAnalysisRunner has terminated.
Mono: successfully reloaded assembly
- Completed reload, in  0.957 seconds
Platform modules already initialized, skipping
Refreshing native plugins compatible for Editor in 0.52 ms, found 1 plugins.
Preloading 0 native plugins for Editor in 0.00 ms.
Unloading 2249 Unused Serialized files (Serialized files now loaded: 0)
System memory in use before: 105.6 MB.
System memory in use after: 105.9 MB.

Unloading 10 unused Assets to reduce memory usage. Loaded Objects now: 2801.
Total: 3.232000 ms (FindLiveObjects: 0.469600 ms CreateObjectMapping: 0.298300 ms MarkObjects: 2.442800 ms  DeleteObjects: 0.018000 ms)

========================================================================
Received Prepare
Registering precompiled user dll's ...
Registered in 0.002517 seconds.
Begin MonoManager ReloadAssembly
Native extension for WindowsStandalone target not found
Refreshing native plugins compatible for Editor in 0.77 ms, found 1 plugins.
Preloading 0 native plugins for Editor in 0.00 ms.
Invoked RoslynAnalysisRunner static constructor.
RoslynAnalysisRunner will not be running.
RoslynAnalysisRunner has terminated.
Mono: successfully reloaded assembly
- Completed reload, in  3.342 seconds
Platform modules already initialized, skipping
Refreshing native plugins compatible for Editor in 0.56 ms, found 1 plugins.
Preloading 0 native plugins for Editor in 0.00 ms.
Unloading 2249 Unused Serialized files (Serialized files now loaded: 0)
System memory in use before: 105.8 MB.
System memory in use after: 106.1 MB.

Unloading 10 unused Assets to reduce memory usage. Loaded Objects now: 2803.
Total: 4.837700 ms (FindLiveObjects: 1.811700 ms CreateObjectMapping: 0.356100 ms MarkObjects: 2.639100 ms  DeleteObjects: 0.026800 ms)

========================================================================
Received Prepare
Refreshing native plugins compatible for Editor in 2.32 ms, found 1 plugins.
Preloading 0 native plugins for Editor in 0.00 ms.
Unloading 5 Unused Serialized files (Serialized files now loaded: 0)
System memory in use before: 61.6 MB.
System memory in use after: 61.8 MB.

Unloading 5 unused Assets to reduce memory usage. Loaded Objects now: 2803.
Total: 2.259800 ms (FindLiveObjects: 0.269000 ms CreateObjectMapping: 0.154300 ms MarkObjects: 1.815800 ms  DeleteObjects: 0.019600 ms)

========================================================================
Received Prepare
Registering precompiled user dll's ...
Registered in 0.001824 seconds.
Begin MonoManager ReloadAssembly
Native extension for WindowsStandalone target not found
Refreshing native plugins compatible for Editor in 0.51 ms, found 1 plugins.
Preloading 0 native plugins for Editor in 0.00 ms.
Invoked RoslynAnalysisRunner static constructor.
RoslynAnalysisRunner will not be running.
RoslynAnalysisRunner has terminated.
Mono: successfully reloaded assembly
- Completed reload, in  1.237 seconds
Platform modules already initialized, skipping
Refreshing native plugins compatible for Editor in 0.47 ms, found 1 plugins.
Preloading 0 native plugins for Editor in 0.00 ms.
Unloading 2249 Unused Serialized files (Serialized files now loaded: 0)
System memory in use before: 106.2 MB.
System memory in use after: 106.4 MB.

Unloading 10 unused Assets to reduce memory usage. Loaded Objects now: 2805.
Total: 4.626700 ms (FindLiveObjects: 0.261200 ms CreateObjectMapping: 0.111400 ms MarkObjects: 4.019000 ms  DeleteObjects: 0.233500 ms)

========================================================================
Received Import Request.
  Time since last request: 64818.914307 seconds.
  path: Assets/cat.png
  artifactKey: Guid(ed5461fff28d96140afecf6e2fae76b6) Importer(815301076,1909f56bfc062723c751e8b465ee728b)
Start importing Assets/cat.png using Guid(ed5461fff28d96140afecf6e2fae76b6) Importer(815301076,1909f56bfc062723c751e8b465ee728b)  -> (artifact id: 'a94678bc7618f8808a49283bde311980') in 0.159226 seconds
  Import took 0.165586 seconds .

========================================================================
Received Import Request.
  Time since last request: 11.154093 seconds.
  path: Assets/cat.png
  artifactKey: Guid(ed5461fff28d96140afecf6e2fae76b6) Importer(815301076,1909f56bfc062723c751e8b465ee728b)
Start importing Assets/cat.png using Guid(ed5461fff28d96140afecf6e2fae76b6) Importer(815301076,1909f56bfc062723c751e8b465ee728b)  -> (artifact id: '073539dcdd296723884f4d056ebe72de') in 0.015383 seconds
  Import took 0.020300 seconds .

========================================================================
Received Import Request.
  Time since last request: 78.238716 seconds.
  path: Assets/cat2.mat
  artifactKey: Guid(af0664d33ba665d42906618bee64c277) Importer(815301076,1909f56bfc062723c751e8b465ee728b)
Start importing Assets/cat2.mat using Guid(af0664d33ba665d42906618bee64c277) Importer(815301076,1909f56bfc062723c751e8b465ee728b)  -> (artifact id: 'fc4737402416052567a22720a329a4c1') in 0.073977 seconds
  Import took 0.078536 seconds .

========================================================================
Received Import Request.
  Time since last request: 10.600628 seconds.
  path: Assets/TextMesh Pro/Examples & Extras/Textures/Brushed Metal 3.jpg
  artifactKey: Guid(f88677df267a41d6be1e7a6133e7d227) Importer(815301076,1909f56bfc062723c751e8b465ee728b)
Start importing Assets/TextMesh Pro/Examples & Extras/Textures/Brushed Metal 3.jpg using Guid(f88677df267a41d6be1e7a6133e7d227) Importer(815301076,1909f56bfc062723c751e8b465ee728b)  -> (artifact id: '4622dddb7bb32aa68878fcbb12ceff7e') in 0.022520 seconds
  Import took 0.029491 seconds .

========================================================================
Received Import Request.
  Time since last request: 0.000175 seconds.
  path: Assets/TextMesh Pro/Examples & Extras/Sprites/Default Sprites.png
  artifactKey: Guid(a0fc465d6cf04254a2938578735e2383) Importer(815301076,1909f56bfc062723c751e8b465ee728b)
Start importing Assets/TextMesh Pro/Examples & Extras/Sprites/Default Sprites.png using Guid(a0fc465d6cf04254a2938578735e2383) Importer(815301076,1909f56bfc062723c751e8b465ee728b)  -> (artifact id: '5736f1c4f54e8bd6c9bda92c5e7de847') in 0.038152 seconds
  Import took 0.042796 seconds .

========================================================================
Received Import Request.
  Time since last request: 0.000275 seconds.
  path: Assets/TextMesh Pro/Examples & Extras/Textures/Brushed Metal 3.jpg
  artifactKey: Guid(f88677df267a41d6be1e7a6133e7d227) Importer(815301076,1909f56bfc062723c751e8b465ee728b)
Start importing Assets/TextMesh Pro/Examples & Extras/Textures/Brushed Metal 3.jpg using Guid(f88677df267a41d6be1e7a6133e7d227) Importer(815301076,1909f56bfc062723c751e8b465ee728b)  -> (artifact id: '4622dddb7bb32aa68878fcbb12ceff7e') in 0.014549 seconds
  Import took 0.019720 seconds .

========================================================================
Received Import Request.
  Time since last request: 0.000311 seconds.
  path: Assets/TextMesh Pro/Examples & Extras/Sprites/DropCap Numbers.psd
  artifactKey: Guid(fd09957580ac4326916010f1f260975b) Importer(815301076,1909f56bfc062723c751e8b465ee728b)
Start importing Assets/TextMesh Pro/Examples & Extras/Sprites/DropCap Numbers.psd using Guid(fd09957580ac4326916010f1f260975b) Importer(815301076,1909f56bfc062723c751e8b465ee728b)  -> (artifact id: 'f834e6cbcea79a55f8db508f6e5d634b') in 0.029239 seconds
  Import took 0.035393 seconds .

========================================================================
Received Import Request.
  Time since last request: 0.000236 seconds.
  path: Assets/TextMesh Pro/Examples & Extras/Sprites/Default Sprites.png
  artifactKey: Guid(a0fc465d6cf04254a2938578735e2383) Importer(815301076,1909f56bfc062723c751e8b465ee728b)
Start importing Assets/TextMesh Pro/Examples & Extras/Sprites/Default Sprites.png using Guid(a0fc465d6cf04254a2938578735e2383) Importer(815301076,1909f56bfc062723c751e8b465ee728b)  -> (artifact id: '5736f1c4f54e8bd6c9bda92c5e7de847') in 0.013683 seconds
  Import took 0.017727 seconds .

========================================================================
Received Import Request.
  Time since last request: 0.000197 seconds.
  path: Assets/TextMesh Pro/Examples & Extras/Sprites/DropCap Numbers.psd
  artifactKey: Guid(fd09957580ac4326916010f1f260975b) Importer(815301076,1909f56bfc062723c751e8b465ee728b)
Start importing Assets/TextMesh Pro/Examples & Extras/Sprites/DropCap Numbers.psd using Guid(fd09957580ac4326916010f1f260975b) Importer(815301076,1909f56bfc062723c751e8b465ee728b)  -> (artifact id: 'f834e6cbcea79a55f8db508f6e5d634b') in 0.007958 seconds
  Import took 0.011311 seconds .

========================================================================
Received Import Request.
  Time since last request: 29.100909 seconds.
  path: Assets/cat.png
  artifactKey: Guid(ed5461fff28d96140afecf6e2fae76b6) Importer(815301076,1909f56bfc062723c751e8b465ee728b)
Start importing Assets/cat.png using Guid(ed5461fff28d96140afecf6e2fae76b6) Importer(815301076,1909f56bfc062723c751e8b465ee728b)  -> (artifact id: '31a1ee3aadd9191d7221508662242053') in 0.042082 seconds
  Import took 0.046443 seconds .

========================================================================
Received Import Request.
  Time since last request: 24.067080 seconds.
  path: Assets/cat.png
  artifactKey: Guid(ed5461fff28d96140afecf6e2fae76b6) Importer(815301076,1909f56bfc062723c751e8b465ee728b)
Start importing Assets/cat.png using Guid(ed5461fff28d96140afecf6e2fae76b6) Importer(815301076,1909f56bfc062723c751e8b465ee728b)  -> (artifact id: 'c57c441921beb0c6d0bd0c4650542cf0') in 0.015185 seconds
  Import took 0.020882 seconds .

========================================================================
Received Prepare
Registering precompiled user dll's ...
Registered in 0.001458 seconds.
Begin MonoManager ReloadAssembly
Native extension for WindowsStandalone target not found
Refreshing native plugins compatible for Editor in 0.69 ms, found 1 plugins.
Preloading 0 native plugins for Editor in 0.00 ms.
Invoked RoslynAnalysisRunner static constructor.
RoslynAnalysisRunner will not be running.
RoslynAnalysisRunner has terminated.
Mono: successfully reloaded assembly
- Completed reload, in  0.974 seconds
Platform modules already initialized, skipping
Refreshing native plugins compatible for Editor in 0.42 ms, found 1 plugins.
Preloading 0 native plugins for Editor in 0.00 ms.
Unloading 2250 Unused Serialized files (Serialized files now loaded: 0)
System memory in use before: 106.7 MB.
System memory in use after: 107.0 MB.

Unloading 10 unused Assets to reduce memory usage. Loaded Objects now: 2848.
Total: 3.057000 ms (FindLiveObjects: 0.386900 ms CreateObjectMapping: 0.277200 ms MarkObjects: 2.373600 ms  DeleteObjects: 0.017200 ms)

========================================================================
Received Import Request.
  Time since last request: 779.430908 seconds.
  path: Assets/ParallaxScript.cs
  artifactKey: Guid(d51e63fc48deec64b834b9033872f411) Importer(815301076,1909f56bfc062723c751e8b465ee728b)
Start importing Assets/ParallaxScript.cs using Guid(d51e63fc48deec64b834b9033872f411) Importer(815301076,1909f56bfc062723c751e8b465ee728b)  -> (artifact id: '8c7daeb5b688f7ab4ba9dc7f641019df') in 0.009311 seconds
  Import took 0.012831 seconds .

========================================================================
Received Import Request.
  Time since last request: 0.020080 seconds.
  path: Assets/ParallaxScript.cs
  artifactKey: Guid(d51e63fc48deec64b834b9033872f411) Importer(815301076,1909f56bfc062723c751e8b465ee728b)
Start importing Assets/ParallaxScript.cs using Guid(d51e63fc48deec64b834b9033872f411) Importer(815301076,1909f56bfc062723c751e8b465ee728b)  -> (artifact id: '8c7daeb5b688f7ab4ba9dc7f641019df') in 0.002513 seconds
  Import took 0.006242 seconds .

========================================================================
Received Prepare
Registering precompiled user dll's ...
Registered in 0.000965 seconds.
Begin MonoManager ReloadAssembly
Native extension for WindowsStandalone target not found
Refreshing native plugins compatible for Editor in 0.46 ms, found 1 plugins.
Preloading 0 native plugins for Editor in 0.00 ms.
Invoked RoslynAnalysisRunner static constructor.
RoslynAnalysisRunner will not be running.
RoslynAnalysisRunner has terminated.
Mono: successfully reloaded assembly
- Completed reload, in  0.901 seconds
Platform modules already initialized, skipping
Refreshing native plugins compatible for Editor in 0.47 ms, found 1 plugins.
Preloading 0 native plugins for Editor in 0.00 ms.
Unloading 2250 Unused Serialized files (Serialized files now loaded: 0)
System memory in use before: 106.9 MB.
System memory in use after: 107.1 MB.

Unloading 10 unused Assets to reduce memory usage. Loaded Objects now: 2850.
Total: 2.932500 ms (FindLiveObjects: 0.559200 ms CreateObjectMapping: 0.315100 ms MarkObjects: 2.034300 ms  DeleteObjects: 0.021600 ms)

========================================================================
Received Prepare
Registering precompiled user dll's ...
Registered in 0.000937 seconds.
Begin MonoManager ReloadAssembly
Native extension for WindowsStandalone target not found
Refreshing native plugins compatible for Editor in 0.47 ms, found 1 plugins.
Preloading 0 native plugins for Editor in 0.00 ms.
Invoked RoslynAnalysisRunner static constructor.
RoslynAnalysisRunner will not be running.
RoslynAnalysisRunner has terminated.
Mono: successfully reloaded assembly
- Completed reload, in  0.933 seconds
Platform modules already initialized, skipping
Refreshing native plugins compatible for Editor in 0.41 ms, found 1 plugins.
Preloading 0 native plugins for Editor in 0.00 ms.
Unloading 2250 Unused Serialized files (Serialized files now loaded: 0)
System memory in use before: 106.2 MB.
System memory in use after: 106.5 MB.

Unloading 10 unused Assets to reduce memory usage. Loaded Objects now: 2852.
Total: 2.470600 ms (FindLiveObjects: 0.337900 ms CreateObjectMapping: 0.164800 ms MarkObjects: 1.948900 ms  DeleteObjects: 0.017900 ms)

========================================================================
Received Prepare
Registering precompiled user dll's ...
Registered in 0.000910 seconds.
Begin MonoManager ReloadAssembly
Native extension for WindowsStandalone target not found
Refreshing native plugins compatible for Editor in 0.54 ms, found 1 plugins.
Preloading 0 native plugins for Editor in 0.00 ms.
Invoked RoslynAnalysisRunner static constructor.
RoslynAnalysisRunner will not be running.
RoslynAnalysisRunner has terminated.
Mono: successfully reloaded assembly
- Completed reload, in  0.891 seconds
Platform modules already initialized, skipping
Refreshing native plugins compatible for Editor in 0.44 ms, found 1 plugins.
Preloading 0 native plugins for Editor in 0.00 ms.
Unloading 2250 Unused Serialized files (Serialized files now loaded: 0)
System memory in use before: 106.4 MB.
System memory in use after: 106.7 MB.

Unloading 10 unused Assets to reduce memory usage. Loaded Objects now: 2854.
Total: 2.180500 ms (FindLiveObjects: 0.291400 ms CreateObjectMapping: 0.135000 ms MarkObjects: 1.739100 ms  DeleteObjects: 0.013700 ms)

========================================================================
Received Prepare
Registering precompiled user dll's ...
Registered in 0.001099 seconds.
Begin MonoManager ReloadAssembly
Native extension for WindowsStandalone target not found
Refreshing native plugins compatible for Editor in 0.47 ms, found 1 plugins.
Preloading 0 native plugins for Editor in 0.00 ms.
Invoked RoslynAnalysisRunner static constructor.
RoslynAnalysisRunner will not be running.
RoslynAnalysisRunner has terminated.
Mono: successfully reloaded assembly
- Completed reload, in  0.897 seconds
Platform modules already initialized, skipping
Refreshing native plugins compatible for Editor in 0.42 ms, found 1 plugins.
Preloading 0 native plugins for Editor in 0.00 ms.
Unloading 2250 Unused Serialized files (Serialized files now loaded: 0)
System memory in use before: 106.5 MB.
System memory in use after: 106.8 MB.

Unloading 10 unused Assets to reduce memory usage. Loaded Objects now: 2856.
Total: 3.531300 ms (FindLiveObjects: 0.881300 ms CreateObjectMapping: 0.426700 ms MarkObjects: 2.199900 ms  DeleteObjects: 0.021100 ms)

========================================================================
Received Prepare
Registering precompiled user dll's ...
Registered in 0.001424 seconds.
Begin MonoManager ReloadAssembly
Native extension for WindowsStandalone target not found
Refreshing native plugins compatible for Editor in 0.43 ms, found 1 plugins.
Preloading 0 native plugins for Editor in 0.00 ms.
Invoked RoslynAnalysisRunner static constructor.
RoslynAnalysisRunner will not be running.
RoslynAnalysisRunner has terminated.
Mono: successfully reloaded assembly
- Completed reload, in  0.838 seconds
Platform modules already initialized, skipping
Refreshing native plugins compatible for Editor in 0.41 ms, found 1 plugins.
Preloading 0 native plugins for Editor in 0.00 ms.
Unloading 2250 Unused Serialized files (Serialized files now loaded: 0)
System memory in use before: 106.7 MB.
System memory in use after: 107.0 MB.

Unloading 10 unused Assets to reduce memory usage. Loaded Objects now: 2858.
Total: 2.225500 ms (FindLiveObjects: 0.270300 ms CreateObjectMapping: 0.103800 ms MarkObjects: 1.836300 ms  DeleteObjects: 0.013800 ms)

========================================================================
Received Prepare
Registering precompiled user dll's ...
Registered in 0.000957 seconds.
Begin MonoManager ReloadAssembly
Native extension for WindowsStandalone target not found
Refreshing native plugins compatible for Editor in 0.43 ms, found 1 plugins.
Preloading 0 native plugins for Editor in 0.00 ms.
Invoked RoslynAnalysisRunner static constructor.
RoslynAnalysisRunner will not be running.
RoslynAnalysisRunner has terminated.
Mono: successfully reloaded assembly
- Completed reload, in  0.937 seconds
Platform modules already initialized, skipping
Refreshing native plugins compatible for Editor in 0.43 ms, found 1 plugins.
Preloading 0 native plugins for Editor in 0.00 ms.
Unloading 2250 Unused Serialized files (Serialized files now loaded: 0)
System memory in use before: 106.9 MB.
System memory in use after: 107.1 MB.

Unloading 10 unused Assets to reduce memory usage. Loaded Objects now: 2860.
Total: 2.127700 ms (FindLiveObjects: 0.255200 ms CreateObjectMapping: 0.101600 ms MarkObjects: 1.757300 ms  DeleteObjects: 0.012900 ms)

========================================================================
Received Prepare
Registering precompiled user dll's ...
Registered in 0.001502 seconds.
Begin MonoManager ReloadAssembly
Native extension for WindowsStandalone target not found
Refreshing native plugins compatible for Editor in 0.42 ms, found 1 plugins.
Preloading 0 native plugins for Editor in 0.00 ms.
Invoked RoslynAnalysisRunner static constructor.
RoslynAnalysisRunner will not be running.
RoslynAnalysisRunner has terminated.
Mono: successfully reloaded assembly
- Completed reload, in  0.896 seconds
Platform modules already initialized, skipping
Refreshing native plugins compatible for Editor in 0.44 ms, found 1 plugins.
Preloading 0 native plugins for Editor in 0.00 ms.
Unloading 2250 Unused Serialized files (Serialized files now loaded: 0)
System memory in use before: 106.2 MB.
System memory in use after: 106.4 MB.

Unloading 10 unused Assets to reduce memory usage. Loaded Objects now: 2862.
Total: 2.301100 ms (FindLiveObjects: 0.270600 ms CreateObjectMapping: 0.114700 ms MarkObjects: 1.899800 ms  DeleteObjects: 0.014800 ms)

========================================================================
Received Import Request.
  Time since last request: 960.030485 seconds.
  path: Assets/cat2.mat
  artifactKey: Guid(af0664d33ba665d42906618bee64c277) Importer(815301076,1909f56bfc062723c751e8b465ee728b)
Start importing Assets/cat2.mat using Guid(af0664d33ba665d42906618bee64c277) Importer(815301076,1909f56bfc062723c751e8b465ee728b)  -> (artifact id: '505e240901427200ae9c8c91efeb0259') in 0.061479 seconds
  Import took 0.064763 seconds .

========================================================================
Received Prepare
Registering precompiled user dll's ...
Registered in 0.001738 seconds.
Begin MonoManager ReloadAssembly
Native extension for WindowsStandalone target not found
Refreshing native plugins compatible for Editor in 0.47 ms, found 1 plugins.
Preloading 0 native plugins for Editor in 0.00 ms.
Invoked RoslynAnalysisRunner static constructor.
RoslynAnalysisRunner will not be running.
RoslynAnalysisRunner has terminated.
Mono: successfully reloaded assembly
- Completed reload, in  1.004 seconds
Platform modules already initialized, skipping
Refreshing native plugins compatible for Editor in 0.53 ms, found 1 plugins.
Preloading 0 native plugins for Editor in 0.00 ms.
Unloading 2250 Unused Serialized files (Serialized files now loaded: 0)
System memory in use before: 106.4 MB.
System memory in use after: 106.6 MB.

Unloading 10 unused Assets to reduce memory usage. Loaded Objects now: 2865.
Total: 2.557400 ms (FindLiveObjects: 0.338900 ms CreateObjectMapping: 0.140100 ms MarkObjects: 2.057400 ms  DeleteObjects: 0.019600 ms)

